= Host-specific information ====================================================
$> hostname; uname -msr
e1r3p21.42.fr
Darwin 15.4.0 x86_64
$> date
Tue Mar 29 16:37:17 CEST 2016
$> gcc --version
Configured with: --prefix=/Applications/Xcode.app/Contents/Developer/usr --with-gxx-include-dir=/usr/include/c++/4.2.1
Apple LLVM version 7.3.0 (clang-703.0.29)
Target: x86_64-apple-darwin15.4.0
Thread model: posix
InstalledDir: /Applications/Xcode.app/Contents/Developer/Toolchains/XcodeDefault.xctoolchain/usr/bin
$> clang --version
Apple LLVM version 7.3.0 (clang-703.0.29)
Target: x86_64-apple-darwin15.4.0
Thread model: posix
InstalledDir: /Applications/Xcode.app/Contents/Developer/Toolchains/XcodeDefault.xctoolchain/usr/bin

= User files collection ========================================================
Collecting user files from Vogsphere
Repository URL: auto-exam/2016/c-exam-beginner/practice-exam_20160329/dlageist

= Git history ==================================================================
$> git -C /var/folders/pc/jys69jyn1b5379r0vg6t57x40000gq/T/tmpS3jLCV/user log --pretty='%H - %an, %ad : %s'
b5379848c757359e712d40d9014567bfba4e26b3 - David LAGEISTE, Tue Mar 29 16:37:07 2016 +0200 : x
 
= Collected files ==========================================
$> ls -lAR /var/folders/pc/jys69jyn1b5379r0vg6t57x40000gq/T/tmpS3jLCV/user
total 8
-rw-r--r--  1 deepthought  deepthought  245 Mar 29 16:37 __GIT_HISTORY
drwxr-xr-x  3 deepthought  deepthought  102 Mar 29 16:37 aff_first_param

/var/folders/pc/jys69jyn1b5379r0vg6t57x40000gq/T/tmpS3jLCV/user/aff_first_param:
total 8
-rw-r--r--  1 deepthought  deepthought  272 Mar 29 16:37 aff_first_param.c
 
= aff_first_param ==============================================================
$> clang -Wextra -Wall -Werror aff_first_param.c -o user_exe 

= Test 1 ===================================================
$> ./9zcjzwmhg5mtlbe5rkjsonur 
$> diff -U 3 user_output_test1 test1.output | cat -e

Diff OK :D
= Test 2 ===================================================
$> ./4yu23zcx023jtr3104rxkx29 "6UNcJWGdLRYPjXSmk"
$> diff -U 3 user_output_test2 test2.output | cat -e

Diff OK :D
= Test 3 ===================================================
$> ./bx60v4aoraxy33vlpw5pmmzn "2y0HwGZC7"
$> diff -U 3 user_output_test3 test3.output | cat -e

Diff OK :D
= Test 4 ===================================================
$> ./plo5k7jepxerr1dsqkmdhkmd "ZhsP3LKe7Oi fWX78wD HUCAo a2z K9Rox P Y5ymDC OyjGs2FJhYnI UV984cSmyKbB zLvhOjA3DMnx PgdZmfaX3p yvC Jg2zMq R4Kt9"
$> diff -U 3 user_output_test4 test4.output | cat -e

Diff OK :D
= Test 5 ===================================================
$> ./6jvrch300xj0tt2kipe46uoq "F ILOw0NRH9ux H2sbqkPTBto VRsZn dDK w8RjrkhC p047QEdMt oV1 0JwhQCKgO KPXRM qNCY9w F7OcwVts dqMYAwmy xzb359CjW1 XBquoHpb5 wqY"
$> diff -U 3 user_output_test5 test5.output | cat -e

Diff OK :D
= Test 6 ===================================================
$> ./2t8hgsv3og68h7r15jfhl19s "wYkBl4aDcIdp" "uFwqYlsVpoXc" "y3XZPi6" "G9aqWTyZh" "vDL7"
$> diff -U 3 user_output_test6 test6.output | cat -e

Diff OK :D
= Test 7 ===================================================
$> ./3c7057303ajmpapfqitsf8yx "8Y" "KLcRnzB" "sqQI5DboW" "i9fLvO" "Z7nc9" "8" "sDn3WMpBlKiw" "0ctqCkdw2KYG" "W8KA" "nsT"
$> diff -U 3 user_output_test7 test7.output | cat -e

Diff OK :D
= Test 8 ===================================================
$> ./2koqk4f139hrx2s8bx8tymda "JY6Qzj 3Hr4tzn 19hvREfP4Bi" "RP7A3ip yDv6fUi7Yj lLGcefW5pB O" "XKFndzqx2 eDCi TXPnYlqUboSI X4" "evIYzW 5" "BzSRyXUafo Aem0Y" "w 5ct9 A" "emswdqMk8Y 2Ym1Zf5OBUn AaCBMxtSWO5Y IqQS3oW" "Ey3P" "It5rJ 1U rPhZ5cQyzo" "EqvSrDaLx5Xz" "UVO Np65g2cu G7KqkxtNHE" "75DtjaOo6k" "M6qpR 1LXKi nO7xd" "V up" "n5S Nl0JuITbSDR VcLmyaA" "A7pbtIXNjqgo dE9qFJ"
$> diff -U 3 user_output_test8 test8.output | cat -e

Diff OK :D
= Test 9 ===================================================
$> ./4x0oaxrmv6a8ejiqnsv9d317 "ardYQ9v QUMyb" "6A" "RAJkQuVU" "ci0WEs1n 1t2BSj 4Q70ihk" "6" "liZfd KvqsT vJoKR1n"
$> diff -U 3 user_output_test9 test9.output | cat -e

Diff OK :D
Grade: 1

= Final grade: 1 ===============================================================
